<?xml version="1.0" encoding="UTF-8"?>
<!-- Generated by org.testng.reporters.JUnitXMLReporter -->
<testsuite ignored="0" hostname="DESKTOP-DL7O3I1" failures="0" tests="7" name="Test" time="195.436" errors="0" timestamp="2024-08-31T11:24:30 IST">
  <testcase classname="testScript.GoFunTScript" name="beforeTest" time="6.118"/>
  <testcase classname="testScript.GoFunTScript" name="initializePage" time="6.9"/>
  <testcase classname="testScript.GoFunTScript" name="loginPage" time="2.907"/>
  <testcase classname="testScript.GoFunTScript" name="verifyActiveGames" time="107.465"/>
  <testcase classname="testScript.GoFunTScript" name="teamScore" time="3.027"/>
  <testcase classname="testScript.GoFunTScript" name="fillStake" time="62.47"/>
  <testcase classname="testScript.GoFunTScript" name="afterTest" time="6.338"/>
</testsuite> <!-- Test -->
