<?xml version="1.0" encoding="UTF-8"?>
<testng-results ignored="0" total="7" passed="7" failed="0" skipped="0">
  <reporter-output>
  </reporter-output>
  <suite started-at="2024-08-31T11:25:42 IST" name="Default suite" finished-at="2024-08-31T11:28:05 IST" duration-ms="143711">
    <groups>
    </groups>
    <test started-at="2024-08-31T11:25:42 IST" name="Default test" finished-at="2024-08-31T11:28:05 IST" duration-ms="143711">
      <class name="testScript.GoFunTScript">
        <test-method signature="beforeTest()[pri:0, instance:testScript.GoFunTScript@6c000e0c]" started-at="2024-08-31T11:25:42 IST" name="beforeTest" finished-at="2024-08-31T11:25:49 IST" duration-ms="6820" status="PASS">
          <reporter-output>
          </reporter-output>
        </test-method> <!-- beforeTest -->
        <test-method signature="initializePage()[pri:1, instance:testScript.GoFunTScript@6c000e0c]" started-at="2024-08-31T11:25:49 IST" name="initializePage" finished-at="2024-08-31T11:25:56 IST" depends-on-methods="testScript.GoFunTScript.beforeTest" duration-ms="7739" status="PASS">
          <reporter-output>
          </reporter-output>
        </test-method> <!-- initializePage -->
        <test-method signature="loginPage()[pri:2, instance:testScript.GoFunTScript@6c000e0c]" started-at="2024-08-31T11:25:56 IST" name="loginPage" finished-at="2024-08-31T11:25:59 IST" depends-on-methods="testScript.GoFunTScript.beforeTest" duration-ms="2713" status="PASS">
          <reporter-output>
          </reporter-output>
        </test-method> <!-- loginPage -->
        <test-method signature="verifyActiveGames()[pri:3, instance:testScript.GoFunTScript@6c000e0c]" started-at="2024-08-31T11:25:59 IST" name="verifyActiveGames" finished-at="2024-08-31T11:27:47 IST" depends-on-methods="testScript.GoFunTScript.beforeTest" duration-ms="108112" status="PASS">
          <reporter-output>
          </reporter-output>
        </test-method> <!-- verifyActiveGames -->
        <test-method signature="teamScore()[pri:4, instance:testScript.GoFunTScript@6c000e0c]" started-at="2024-08-31T11:27:47 IST" name="teamScore" finished-at="2024-08-31T11:27:50 IST" depends-on-methods="testScript.GoFunTScript.beforeTest" duration-ms="2974" status="PASS">
          <reporter-output>
          </reporter-output>
        </test-method> <!-- teamScore -->
        <test-method signature="fillStake()[pri:5, instance:testScript.GoFunTScript@6c000e0c]" started-at="2024-08-31T11:27:50 IST" name="fillStake" finished-at="2024-08-31T11:27:55 IST" depends-on-methods="testScript.GoFunTScript.beforeTest" duration-ms="4582" status="PASS">
          <reporter-output>
          </reporter-output>
        </test-method> <!-- fillStake -->
        <test-method signature="afterTest()[pri:6, instance:testScript.GoFunTScript@6c000e0c]" started-at="2024-08-31T11:27:55 IST" name="afterTest" finished-at="2024-08-31T11:28:05 IST" duration-ms="10470" status="PASS">
          <reporter-output>
          </reporter-output>
        </test-method> <!-- afterTest -->
      </class> <!-- testScript.GoFunTScript -->
    </test> <!-- Default test -->
  </suite> <!-- Default suite -->
</testng-results>
