<?xml version="1.0" encoding="UTF-8"?>
<!-- Generated by org.testng.reporters.JUnitXMLReporter -->
<testsuite ignored="0" hostname="DESKTOP-DL7O3I1" failures="0" tests="7" name="Default test" time="143.711" errors="0" timestamp="2024-08-31T11:28:05 IST">
  <testcase classname="testScript.GoFunTScript" name="beforeTest" time="6.82"/>
  <testcase classname="testScript.GoFunTScript" name="initializePage" time="7.739"/>
  <testcase classname="testScript.GoFunTScript" name="loginPage" time="2.713"/>
  <testcase classname="testScript.GoFunTScript" name="verifyActiveGames" time="108.112"/>
  <testcase classname="testScript.GoFunTScript" name="teamScore" time="2.974"/>
  <testcase classname="testScript.GoFunTScript" name="fillStake" time="4.582"/>
  <testcase classname="testScript.GoFunTScript" name="afterTest" time="10.47"/>
</testsuite> <!-- Default test -->
